<?xml version="1.0" encoding="UTF-8"?>
<!-- Generated by org.testng.reporters.JUnitReportReporter -->
<testsuite hostname="BLR-LAP-125" failures="0" tests="1" name="appiumConceptsUdemyLessons.touchAction" time="22.957" errors="0" timestamp="2022-06-09T15:20:23 IST" skipped="0">
  <testcase classname="appiumConceptsUdemyLessons.touchAction" name="tapOptionsMethods" time="22.957"/>
  <system-out/>
</testsuite> <!-- appiumConceptsUdemyLessons.touchAction -->
