<?xml version="1.0" encoding="UTF-8"?>
<!-- Generated by org.testng.reporters.JUnitReportReporter -->
<testsuite hostname="BLR-LAP-125" failures="0" tests="1" name="appiumConceptsUdemyLessons.SwipeActions" time="34.117" errors="0" timestamp="2022-06-09T17:00:39 IST" skipped="0">
  <testcase classname="appiumConceptsUdemyLessons.SwipeActions" name="swippingActions" time="34.117"/>
  <system-out/>
</testsuite> <!-- appiumConceptsUdemyLessons.SwipeActions -->
