<?xml version="1.0" encoding="UTF-8"?>
<!-- Generated by org.testng.reporters.JUnitReportReporter -->
<testsuite hostname="BLR-LAP-125" failures="0" tests="1" name="appiumConcepts.UIAutomator" time="18.383" errors="0" timestamp="2022-06-08T14:06:46 IST" skipped="0">
  <testcase classname="appiumConcepts.UIAutomator" name="uiAutomatorMethods" time="18.383"/>
  <system-out/>
</testsuite> <!-- appiumConcepts.UIAutomator -->
