<?xml version="1.0" encoding="UTF-8"?>
<!-- Generated by org.testng.reporters.JUnitReportReporter -->
<testsuite hostname="BLR-LAP-125" failures="0" tests="1" name="appiumConcepts.touchAction" time="0.006" errors="0" timestamp="2022-06-08T14:33:18 IST" skipped="0">
  <testcase classname="appiumConcepts.touchAction" name="longPressMethod" time="0.006"/>
  <system-out/>
</testsuite> <!-- appiumConcepts.touchAction -->
