<?xml version="1.0" encoding="UTF-8"?>
<!-- Generated by org.testng.reporters.JUnitReportReporter -->
<testsuite hostname="BLR-LAP-125" failures="0" tests="1" name="appiumConceptsUdemyLessons.ScrollingToElement" time="32.226" errors="0" timestamp="2022-06-09T17:43:42 IST" skipped="0">
  <testcase classname="appiumConceptsUdemyLessons.ScrollingToElement" name="scrollingMethod" time="32.226"/>
  <system-out/>
</testsuite> <!-- appiumConceptsUdemyLessons.ScrollingToElement -->
