<?xml version="1.0" encoding="UTF-8"?>
<!-- Generated by org.testng.reporters.JUnitReportReporter -->
<testsuite hostname="BLR-LAP-125" failures="0" tests="1" name="appiumConceptsUdemyLessons.UIAutomator" time="34.888" errors="0" timestamp="2022-06-09T17:46:03 IST" skipped="0">
  <testcase classname="appiumConceptsUdemyLessons.UIAutomator" name="uiAutomatorMethods" time="34.888"/>
  <system-out/>
</testsuite> <!-- appiumConceptsUdemyLessons.UIAutomator -->
